Fetching https://github.com/apple/swift-argument-parser
Fetching https://github.com/apple/swift-metrics.git
Fetching https://github.com/apple/swift-nio-ssl.git
Fetching https://github.com/vapor/console-kit.git
Fetching https://github.com/swift-server/swift-backtrace.git
Fetching https://github.com/JohnSundell/ShellOut.git
Fetching https://github.com/vapor/async-kit.git
Fetching https://github.com/apple/swift-nio.git
Fetching https://github.com/apple/swift-tools-support-core.git
Fetching https://github.com/vapor/websocket-kit.git
Fetching https://github.com/weichsel/ZIPFoundation.git
Fetching https://github.com/swift-server/async-http-client.git
Fetching https://github.com/apple/swift-nio-extras.git
Fetching https://github.com/vapor/vapor.git
Fetching https://github.com/vapor/routing-kit.git
Fetching https://github.com/broadwaylamb/OpenCombine.git
Fetching https://github.com/apple/swift-nio-http2.git
Fetching https://github.com/apple/swift-crypto.git
Fetching https://github.com/apple/swift-log.git
Fetching https://github.com/NSHipster/HypertextLiteral
Cloning https://github.com/broadwaylamb/OpenCombine.git
Resolving https://github.com/broadwaylamb/OpenCombine.git at 0.8.0
Cloning https://github.com/vapor/console-kit.git
Resolving https://github.com/vapor/console-kit.git at 4.1.0
Cloning https://github.com/apple/swift-nio-http2.git
Resolving https://github.com/apple/swift-nio-http2.git at 1.11.0
Cloning https://github.com/JohnSundell/ShellOut.git
Resolving https://github.com/JohnSundell/ShellOut.git at 2.3.0
Cloning https://github.com/apple/swift-nio.git
Resolving https://github.com/apple/swift-nio.git at 2.16.0
Cloning https://github.com/vapor/async-kit.git
Resolving https://github.com/vapor/async-kit.git at 1.0.1
Cloning https://github.com/swift-server/swift-backtrace.git
Resolving https://github.com/swift-server/swift-backtrace.git at 1.2.0
Cloning https://github.com/apple/swift-log.git
Resolving https://github.com/apple/swift-log.git at 1.2.0
Cloning https://github.com/vapor/routing-kit.git
Resolving https://github.com/vapor/routing-kit.git at 4.1.0
Cloning https://github.com/vapor/vapor.git
Resolving https://github.com/vapor/vapor.git at 4.5.0
Cloning https://github.com/apple/swift-crypto.git
Resolving https://github.com/apple/swift-crypto.git at 1.0.1
Cloning https://github.com/apple/swift-nio-extras.git
Resolving https://github.com/apple/swift-nio-extras.git at 1.4.1
Cloning https://github.com/vapor/websocket-kit.git
Resolving https://github.com/vapor/websocket-kit.git at 2.1.0
Cloning https://github.com/apple/swift-tools-support-core.git
Resolving https://github.com/apple/swift-tools-support-core.git at 0.1.3
Cloning https://github.com/apple/swift-nio-ssl.git
Resolving https://github.com/apple/swift-nio-ssl.git at 2.7.1
Cloning https://github.com/weichsel/ZIPFoundation.git
Resolving https://github.com/weichsel/ZIPFoundation.git at 0.9.11
Cloning https://github.com/NSHipster/HypertextLiteral
Resolving https://github.com/NSHipster/HypertextLiteral at 0.0.2
Cloning https://github.com/apple/swift-argument-parser
Resolving https://github.com/apple/swift-argument-parser at 0.1.0
Cloning https://github.com/apple/swift-metrics.git
Resolving https://github.com/apple/swift-metrics.git at 2.0.0
Cloning https://github.com/swift-server/async-http-client.git
Resolving https://github.com/swift-server/async-http-client.git at 1.1.1
[1/840] Compiling TSCclibc libc.c
[2/848] Compiling COpenCombineHelpers COpenCombineHelpers.cpp
[3/849] Compiling v3_pku.c
[4/850] Compiling p256.c
[5/854] Compiling v3_skey.c
[6/854] Compiling v3_pmaps.c
[7/854] Compiling v3_prn.c
[8/860] Compiling curve25519.c
[9/867] Compiling v3_sxnet.c
[10/949] Compiling v3_purp.c
[11/979] Compiling v3_utl.c
[12/979] Compiling CURLParser urlparser.c
[13/979] Compiling CCryptoBoringSSLShims shims.c
[14/979] Compiling CNIOLinux shim.c
[15/979] Compiling CNIOLinux ifaddrs-android.c
[16/979] Compiling CNIOSHA1 c_nio_sha1.c
[17/979] Compiling CNIOExtrasZlib empty.c
[18/979] Compiling CNIODarwin shim.c
[19/979] Compiling CNIOHTTPParser c_nio_http_parser.c
[20/979] Compiling p256.c
[21/979] Compiling curve25519.c
[22/979] Compiling CNIOBoringSSLShims shims.c
[23/979] Compiling tls_record.cc
[24/979] Compiling tls_method.cc
[25/979] Compiling tls13_server.cc
[26/979] Compiling tls13_enc.cc
[27/979] Compiling ArgumentParser Argument.swift
[28/980] Merging module TSCLibc
[30/980] Compiling ArgumentParser ArgumentHelp.swift
[31/980] Compiling ArgumentParser Errors.swift
[32/980] Compiling ArgumentParser Flag.swift
[33/980] Compiling ArgumentParser NameSpecification.swift
[34/980] Compiling tls13_client.cc
[35/1022] Compiling TSCBasic Await.swift
[36/1022] Compiling TSCBasic CollectionExtensions.swift
[37/1022] Compiling TSCBasic Condition.swift
[38/1022] Compiling TSCBasic DeltaAlgorithm.swift
[40/1022] Compiling TSCBasic ByteString.swift
[41/1022] Compiling TSCBasic CStringArray.swift
[42/1022] Compiling TSCBasic CacheableSequence.swift
[43/1022] Compiling TSCBasic CodableResult.swift
[44/1022] Compiling TSCBasic CollectionAlgorithms.swift
[47/1023] Compiling OpenCombine Subscribers.Assign.swift
[48/1023] Compiling OpenCombine Subscribers.Completion.swift
[49/1023] Compiling OpenCombine Subscribers.Demand.swift
[50/1023] Compiling OpenCombine Subscribers.Sink.swift
[51/1023] Compiling OpenCombine Subscribers.swift
[52/1023] Compiling OpenCombine Subscription.swift
[53/1023] Compiling OpenCombine Subscriptions.swift
[54/1023] Compiling tls13_both.cc
[56/1023] Compiling TSCBasic JSONMapper.swift
[57/1023] Compiling TSCBasic KeyedPair.swift
[59/1023] Compiling TSCBasic LazyCache.swift
[60/1023] Compiling TSCBasic Lock.swift
[61/1023] Merging module Logging
[64/1023] Compiling TSCBasic DiagnosticsEngine.swift
[65/1023] Compiling TSCBasic DictionaryExtensions.swift
[66/1023] Compiling TSCBasic DictionaryLiteralExtensions.swift
[67/1023] Compiling TSCBasic EditDistance.swift
[68/1023] Compiling TSCBasic FileInfo.swift
[69/1023] Compiling OpenCombine Publishers.swift
[70/1023] Compiling OpenCombine Record.swift
[71/1023] Compiling OpenCombine Result.Publisher.swift
[72/1023] Compiling OpenCombine Result.swift
[73/1023] Compiling OpenCombine Scheduler.swift
[74/1023] Compiling OpenCombine Subject.swift
[75/1023] Compiling OpenCombine Subscriber.swift
[76/1023] Compiling TSCBasic FileSystem.swift
[77/1023] Compiling TSCBasic GraphAlgorithms.swift
[78/1023] Compiling TSCBasic HashAlgorithms.swift
[79/1023] Compiling TSCBasic JSON.swift
[85/1024] Compiling TSCBasic OSLog.swift
[86/1024] Compiling TSCBasic ObjectIdentifierProtocol.swift
[87/1024] Compiling TSCBasic OrderedDictionary.swift
[88/1024] Compiling TSCBasic OrderedSet.swift
[89/1024] Compiling TSCBasic OutputByteStream.swift
[90/1024] Compiling TSCBasic Path.swift
[91/1024] Merging module COperatingSystem
[92/1066] Compiling ConsoleKit ActivityBar.swift
[93/1066] Compiling ConsoleKit ActivityIndicator.swift
[94/1066] Compiling ConsoleKit ActivityIndicatorRenderer.swift
[95/1066] Compiling OpenCombine Publishers.IgnoreOutput.swift
[96/1066] Compiling OpenCombine Publishers.Last.swift
[97/1066] Compiling OpenCombine Publishers.MakeConnectable.swift
[98/1066] Compiling OpenCombine Publishers.Map.swift
[99/1066] Compiling OpenCombine Publishers.MapError.swift
[100/1066] Compiling OpenCombine Publishers.MeasureInterval.swift
[101/1066] Compiling OpenCombine Publishers.Multicast.swift
[104/1067] Compiling ConsoleKit Console+Input.swift
[105/1067] Compiling ConsoleKit Console+Center.swift
[106/1067] Compiling OpenCombine Publishers.Output.swift
[107/1067] Compiling OpenCombine Publishers.PrefixWhile.swift
[108/1067] Compiling OpenCombine Publishers.Print.swift
[109/1067] Compiling OpenCombine Publishers.ReceiveOn.swift
[110/1067] Compiling OpenCombine Publishers.Reduce.swift
[111/1067] Compiling OpenCombine Publishers.RemoveDuplicates.swift
[112/1067] Compiling OpenCombine Publishers.ReplaceEmpty.swift
[113/1067] Compiling OpenCombine Publishers.ReplaceError.swift
[114/1067] Compiling OpenCombine Publishers.ReplaceNil.swift
[115/1067] Compiling OpenCombine Publishers.Scan.swift
[116/1067] Compiling OpenCombine Publishers.Sequence.swift
[117/1067] Compiling OpenCombine Publishers.SetFailureType.swift
[118/1067] Compiling OpenCombine Publishers.Share.swift
[119/1067] Compiling OpenCombine Publishers.SubscribeOn.swift
[120/1067] Compiling ConsoleKit ActivityIndicatorState.swift
[121/1067] Compiling ConsoleKit ConsoleTextFragment.swift
[122/1067] Compiling ConsoleKit ANSI.swift
[123/1067] Compiling ConsoleKit Terminal.swift
[124/1067] Compiling ConsoleKit ConsoleError.swift
[125/1067] Compiling ConsoleKit ConsoleLogger.swift
[126/1067] Compiling ConsoleKit GenerateAutocompleteCommand.swift
[127/1067] Compiling ConsoleKit String+LevenshteinDistance.swift
[130/1067] Compiling ConsoleKit Console+Output.swift
[131/1067] Compiling ConsoleKit Console+Wait.swift
[132/1067] Compiling ConsoleKit ConsoleColor.swift
[133/1067] Compiling ConsoleKit ConsoleStyle.swift
[134/1067] Compiling ConsoleKit ConsoleText.swift
[135/1067] Compiling t1_lib.cc
[136/1067] Compiling ConsoleKit Console+Ephemeral.swift
[137/1067] Compiling ConsoleKit ConsoleClear.swift
[138/1067] Compiling ConsoleKit AnyCommand.swift
[139/1067] Compiling ConsoleKit Argument.swift
[140/1067] Compiling OpenCombine Publishers.Drop.swift
[141/1067] Compiling OpenCombine Publishers.DropUntilOutput.swift
[142/1067] Compiling OpenCombine Publishers.DropWhile.swift
[143/1067] Compiling OpenCombine Publishers.Filter.swift
[144/1067] Compiling OpenCombine Publishers.First.swift
[145/1067] Compiling OpenCombine Publishers.FlatMap.swift
[146/1067] Compiling OpenCombine Publishers.HandleEvents.swift
[147/1068] Merging module CoreMetrics
[149/1068] Compiling ConsoleKit CustomActivity.swift
[150/1068] Compiling ConsoleKit LoadingBar.swift
[154/1068] Compiling ConsoleKit Console.swift
[155/1068] Compiling ConsoleKit Console+Ask.swift
[156/1068] Compiling t1_enc.cc
[167/1069] Compiling Metrics Metrics.swift
[171/1069] Compiling ConsoleKit CommandGroup.swift
[172/1069] Compiling ConsoleKit CommandInput.swift
[173/1069] Compiling ConsoleKit CommandSignature.swift
[179/1069] Compiling ConsoleKit Console+Choose.swift
[180/1069] Compiling ConsoleKit Console+Confirm.swift
[183/1069] Compiling ConsoleKit Console+Run.swift
[184/1069] Compiling ConsoleKit Flag.swift
[185/1069] Compiling ConsoleKit Option.swift
[186/1069] Compiling ConsoleKit Utilities.swift
[189/1069] Compiling ConsoleKit ProgressBar.swift
[190/1069] Compiling ConsoleKit Console+Clear.swift
[191/1069] Compiling ConsoleKit Command.swift
[192/1069] Compiling ConsoleKit CommandContext.swift
[193/1069] Compiling ConsoleKit CommandError.swift
[200/1069] Compiling ssl_x509.cc
[201/1069] Merging module OpenCombine
[205/1069] Compiling ssl_versions.cc
[206/1069] Compiling ssl_transcript.cc
[209/1069] Compiling ConsoleKit Commands.swift
[210/1069] Compiling ConsoleKit Completion.swift
[228/1070] Merging module RoutingKit
[249/1075] Compiling ssl_stat.cc
[254/1076] Merging module ShellOut
[255/1076] Merging module HypertextLiteral
[256/1076] Merging module Metrics
[257/1076] Merging module ZIPFoundation
[258/1076] Compiling ssl_session.cc
[259/1076] Compiling ssl_privkey.cc
[260/1076] Merging module ConsoleKit
[265/1076] Merging module ArgumentParser
[273/1077] Compiling ssl_key_share.cc
[274/1077] Compiling ssl_file.cc
[275/1077] Compiling ssl_lib.cc
[276/1077] Compiling ssl_buffer.cc
[277/1077] Compiling ssl_cipher.cc
[278/1077] Compiling s3_pkt.cc
[279/1077] Compiling ssl_aead_ctx.cc
[280/1077] Compiling ssl_asn1.cc
[281/1077] Merging module TSCBasic
[282/1077] Compiling ssl_cert.cc
[283/1077] Compiling s3_lib.cc
[284/1104] Compiling s3_both.cc
[285/1104] Compiling TSCUtility URL.swift
[286/1104] Compiling TSCUtility Verbosity.swift
[287/1104] Compiling handshake_server.cc
[288/1104] Compiling handshake.cc
[289/1104] Compiling handshake_client.cc
[290/1104] Compiling dtls_record.cc
[291/1104] Compiling dtls_method.cc
[292/1104] Compiling bio_ssl.cc
[293/1104] Compiling d1_srtp.cc
[294/1104] Compiling TSCUtility Platform.swift
[295/1104] Compiling TSCUtility PolymorphicCodable.swift
[296/1104] Compiling d1_pkt.cc
[297/1104] Compiling handoff.cc
[298/1104] Compiling v3_sxnet.c
[299/1104] Compiling d1_lib.cc
[300/1104] Compiling v3_skey.c
[301/1104] Compiling TSCUtility dlopen.swift
[302/1104] Compiling TSCUtility misc.swift
[303/1104] Compiling v3_utl.c
[304/1104] Compiling TSCUtility BuildFlags.swift
[305/1104] Compiling TSCUtility CollectionExtensions.swift
[306/1104] Compiling TSCUtility Diagnostics.swift
[307/1104] Compiling d1_both.cc
[308/1104] Compiling v3_purp.c
[309/1104] Compiling v3_prn.c
[310/1104] Compiling v3_pmaps.c
[311/1104] Compiling v3_pku.c
[312/1104] Compiling v3_pcons.c
[313/1104] Compiling TSCUtility InterruptHandler.swift
[314/1104] Compiling TSCUtility JSONMessageStreamingParser.swift
[315/1104] Compiling v3_ocsp.c
[316/1104] Compiling v3_pcia.c
[317/1104] Compiling v3_pci.c
[318/1104] Compiling TSCUtility StringExtensions.swift
[319/1104] Compiling TSCUtility StringMangling.swift
[320/1104] Compiling v3_ncons.c
[321/1104] Compiling v3_lib.c
[322/1104] Compiling v3_int.c
[323/1104] Compiling TSCUtility Git.swift
[324/1104] Compiling TSCUtility IndexStore.swift
[325/1104] Compiling v3_info.c
[326/1104] Compiling v3_ia5.c
[327/1104] Compiling v3_extku.c
[328/1104] Compiling v3_genn.c
[329/1104] Compiling TSCUtility OSLog.swift
[330/1104] Compiling TSCUtility PkgConfig.swift
[331/1104] Compiling v3_enum.c
[332/1104] Compiling TSCUtility ProgressAnimation.swift
[333/1104] Compiling TSCUtility SimplePersistence.swift
[334/1104] Compiling TSCUtility Downloader.swift
[335/1104] Compiling TSCUtility FSWatch.swift
[336/1104] Compiling TSCUtility FloatingPointExtensions.swift
[337/1104] Compiling v3_bitst.c
[338/1104] Compiling v3_conf.c
[339/1104] Compiling v3_crld.c
[340/1104] Compiling v3_cpols.c
[341/1104] Compiling v3_bcons.c
[342/1104] Compiling v3_akeya.c
[343/1104] Compiling v3_alt.c
[344/1104] Compiling v3_akey.c
[345/1104] Compiling pcy_map.c
[346/1104] Compiling pcy_node.c
[347/1104] Compiling pcy_tree.c
[348/1104] Compiling x_x509a.c
[349/1104] Compiling pcy_lib.c
[350/1104] Compiling pcy_data.c
[351/1104] Compiling x_val.c
[352/1104] Compiling x_spki.c
[353/1104] Compiling x_sig.c
[354/1104] Compiling pcy_cache.c
[355/1104] Compiling x_req.c
[356/1104] Compiling x_pubkey.c
[357/1104] Compiling x_pkey.c
[358/1104] Compiling x_x509.c
[359/1104] Compiling x_info.c
[360/1104] Compiling x_exten.c
[361/1104] Compiling x_name.c
[362/1104] Compiling x509spki.c
[363/1104] Compiling x_attrib.c
[364/1104] Compiling x_algor.c
[365/1104] Compiling x509rset.c
[366/1104] Compiling x509cset.c
[367/1104] Compiling x509name.c
[368/1104] Compiling x_all.c
[369/1104] Compiling x_crl.c
[370/1104] Compiling x509_txt.c
[371/1104] Compiling x509_set.c
[372/1104] Compiling x509_v3.c
[373/1104] Compiling x509_req.c
[374/1104] Compiling x509_r2x.c
[375/1104] Compiling x509_obj.c
[376/1104] Compiling x509_vpm.c
[377/1104] Compiling x509_trs.c
[378/1104] Compiling x509_ext.c
[379/1104] Compiling x509_vfy.c
[380/1104] Compiling x509_lu.c
[381/1104] Compiling x509_def.c
[382/1104] Compiling x509_d2.c
[383/1104] Compiling t_x509a.c
[384/1104] Compiling x509.c
[385/1104] Compiling x509_att.c
[386/1104] Compiling i2d_pr.c
[387/1104] Compiling x509_cmp.c
[388/1104] Compiling t_req.c
[389/1104] Compiling t_x509.c
[390/1104] Compiling rsa_pss.c
[391/1104] Compiling t_crl.c
[392/1104] Compiling by_file.c
[393/1104] Compiling privacy_pass.c
[394/1104] Compiling algorithm.c
[395/1104] Compiling by_dir.c
[396/1104] Compiling a_verify.c
[397/1104] Compiling thread_win.c
[398/1104] Compiling thread_pthread.c
[399/1104] Compiling thread_none.c
[400/1104] Compiling a_sign.c
[401/1104] Compiling TSCUtility Archiver.swift
[402/1104] Compiling TSCUtility ArgumentParser.swift
[403/1104] Compiling TSCUtility ArgumentParserShellCompletion.swift
[404/1104] Compiling thread.c
[405/1104] Compiling a_strex.c
[406/1104] Compiling a_digest.c
[407/1104] Compiling siphash.c
[408/1104] Compiling asn1_gen.c
[409/1104] Compiling stack.c
[410/1104] Compiling rsa_print.c
[411/1104] Compiling refcount_c11.c
[412/1104] Compiling refcount_lock.c
[413/1104] Compiling rc4.c
[414/1104] Compiling rsa_asn1.c
[415/1104] Compiling windows.c
[416/1104] Compiling fuchsia.c
[417/1104] Compiling rand_extra.c
[418/1104] Compiling poly1305_arm_asm.S
[419/1104] Compiling deterministic.c
[420/1104] Compiling forkunsafe.c
[421/1104] Compiling poly1305_arm.c
[422/1104] Compiling poly1305.c
[423/1104] Compiling pool.c
[424/1104] Compiling pkcs7.c
[425/1104] Compiling p5_pbev2.c
[426/1104] Compiling pem_xaux.c
[427/1104] Compiling pkcs8.c
[428/1104] Compiling pkcs7_x509.c
[429/1104] Compiling pem_x509.c
[430/1104] Compiling pem_oth.c
[431/1104] Compiling pem_pkey.c
[432/1104] Compiling pem_pk8.c
[433/1104] Compiling pkcs8_x509.c
[434/1104] Compiling poly_rq_mul.S
[435/1104] Compiling obj_xref.c
[436/1104] Compiling mem.c
[437/1104] Compiling lhash.c
[438/1104] Compiling x86_64-mont5.linux.x86_64.S
[439/1104] Compiling hkdf.c
[440/1104] Compiling x86_64-mont5.mac.x86_64.S
[441/1104] Compiling x86_64-mont.linux.x86_64.S
[442/1104] Compiling x86-mont.linux.x86.S
[443/1104] Compiling pem_lib.c
[444/1104] Compiling x86_64-mont.mac.x86_64.S
[445/1104] Compiling vpaes-x86_64.mac.x86_64.S
[446/1104] Compiling vpaes-x86_64.linux.x86_64.S
[447/1104] Compiling vpaes-x86.linux.x86.S
[448/1104] Compiling vpaes-armv8.linux.aarch64.S
[449/1104] Compiling vpaes-armv8.ios.aarch64.S
[450/1104] Compiling TSCUtility Version.swift
[451/1104] Compiling TSCUtility Versioning.swift
[452/1105] Compiling vpaes-armv7.linux.arm.S
[453/1105] Compiling vpaes-armv7.ios.arm.S
[454/1105] Compiling pem_info.c
[455/1105] Compiling obj.c
[456/1105] Compiling sha512-x86_64.linux.x86_64.S
[457/1105] Compiling sha512-armv8.linux.aarch64.S
[458/1105] Compiling sha512-armv8.ios.aarch64.S
[459/1105] Compiling pem_all.c
[460/1105] Compiling sha512-armv4.linux.arm.S
[461/1105] Compiling sha512-x86_64.mac.x86_64.S
[462/1105] Compiling sha512-armv4.ios.arm.S
[463/1105] Compiling sha512-586.linux.x86.S
[464/1105] Compiling kdf.c
[465/1105] Compiling sha256-x86_64.linux.x86_64.S
[466/1105] Compiling sha256-armv8.linux.aarch64.S
[467/1105] Compiling sha256-armv8.ios.aarch64.S
[468/1105] Compiling sha256-armv4.linux.arm.S
[469/1105] Compiling sha256-armv4.ios.arm.S
[470/1105] Compiling sha256-586.linux.x86.S
[471/1105] Compiling sha1-x86_64.linux.x86_64.S
[472/1105] Compiling sha1-armv8.linux.aarch64.S
[473/1105] Compiling sha256-x86_64.mac.x86_64.S
[474/1105] Compiling sha1-armv8.ios.aarch64.S
[475/1105] Compiling sha1-armv4-large.linux.arm.S
[476/1105] Compiling sha1-armv4-large.ios.arm.S
[477/1105] Compiling sha1-586.linux.x86.S
[478/1105] Compiling sha1-x86_64.mac.x86_64.S
[479/1105] Compiling rsaz-avx2.linux.x86_64.S
[480/1105] Compiling sha1-altivec.c
[481/1105] Compiling sha512.c
[482/1105] Compiling rsaz-avx2.mac.x86_64.S
[483/1105] Compiling sha256.c
[484/1105] Compiling sha1.c
[485/1105] Compiling rdrand-x86_64.linux.x86_64.S
[486/1105] Compiling rdrand-x86_64.mac.x86_64.S
[487/1105] Compiling self_check.c
[488/1105] Compiling blinding.c
[489/1105] Compiling p256_beeu-x86_64-asm.linux.x86_64.S
[490/1105] Compiling rsa_impl.c
[491/1105] Compiling padding.c
[492/1105] Compiling rsa.c
[493/1105] Compiling rand.c
[494/1105] Compiling urandom.c
[495/1105] Compiling p256_beeu-x86_64-asm.mac.x86_64.S
[496/1105] Compiling p256-x86_64-asm.linux.x86_64.S
[497/1105] Compiling ctrdrbg.c
[498/1105] Compiling poly1305_vec.c
[499/1105] Compiling p256-x86_64-asm.mac.x86_64.S
[500/1105] Compiling ofb.c
[501/1105] Compiling polyval.c
[502/1105] Compiling gcm_nohw.c
[503/1105] Compiling ctr.c
[504/1105] Compiling md5-x86_64.mac.x86_64.S
[505/1105] Compiling cfb.c
[506/1105] Merging module TSCUtility
[507/1105] Compiling md5-x86_64.linux.x86_64.S
[508/1105] Compiling md5-586.linux.x86.S
[509/1105] Compiling gcm.c
[510/1105] Compiling md5.c
[511/1105] Compiling cbc.c
[512/1105] Compiling ghashv8-armx64.linux.aarch64.S
[513/1105] Compiling ghashv8-armx64.ios.aarch64.S
[514/1105] Compiling ghashv8-armx32.linux.arm.S
[515/1105] Compiling ghashv8-armx32.ios.arm.S
[516/1105] Compiling ghash-x86_64.linux.x86_64.S
[517/1105] Compiling ghash-x86.linux.x86.S
[518/1105] Compiling ghash-ssse3-x86.linux.x86.S
[519/1105] Compiling ghash-ssse3-x86_64.linux.x86_64.S
[520/1105] Compiling ghash-neon-armv8.linux.aarch64.S
[521/1105] Compiling ghash-neon-armv8.ios.aarch64.S
[522/1105] Compiling ghash-ssse3-x86_64.mac.x86_64.S
[523/1105] Compiling ghash-x86_64.mac.x86_64.S
[524/1105] Compiling ghash-armv4.linux.arm.S
[525/1105] Compiling ghash-armv4.ios.arm.S
[526/1105] Compiling is_fips.c
[527/1105] Compiling fips_shared_support.c
[528/1105] Compiling hmac.c
[529/1105] Compiling md4.c
[530/1105] Compiling util.c
[531/1105] Compiling ecdh.c
[532/1105] Compiling wnaf.c
[533/1105] Compiling simple_mul.c
[534/1105] Compiling ecdsa.c
[535/1105] Compiling scalar.c
[536/1105] Compiling simple.c
[537/1105] Compiling hrss.c
[538/1105] Compiling co-586.linux.x86.S
[539/1105] Compiling felem.c
[540/1105] Compiling oct.c
[541/1105] Compiling p224-64.c
[542/1105] Compiling ec_montgomery.c
[543/1105] Compiling digest.c
[544/1105] Compiling ec_key.c
[545/1105] Compiling digests.c
[546/1105] Compiling bsaes-armv7.linux.arm.S
[547/1105] Compiling bsaes-armv7.ios.arm.S
[548/1105] Compiling e_des.c
[549/1105] Compiling ec.c
[550/1105] Compiling aead.c
[551/1105] Compiling des.c
[552/1105] Compiling cipher.c
[553/1105] Compiling sqrt.c
[554/1105] Compiling rsaz_exp.c
[555/1105] Compiling shift.c
[556/1105] Compiling random.c
[557/1105] Compiling e_aes.c
[558/1105] Compiling montgomery_inv.c
[559/1105] Compiling prime.c
[560/1105] Compiling jacobi.c
[561/1105] Compiling generic.c
[562/1105] Compiling mul.c
[563/1105] Compiling montgomery.c
[564/1105] Compiling gcd.c
[565/1105] Compiling gcd_extra.c
[566/1105] Compiling div_extra.c
[567/1105] Compiling bn-586.linux.x86.S
[568/1105] Compiling armv8-mont.linux.aarch64.S
[569/1105] Compiling ctx.c
[570/1105] Compiling exponentiation.c
[571/1105] Compiling armv8-mont.ios.aarch64.S
[572/1105] Compiling cmp.c
[573/1105] Compiling bytes.c
[574/1105] Compiling bn.c
[575/1105] Compiling div.c
[576/1105] Compiling armv4-mont.linux.arm.S
[577/1105] Compiling add.c
[578/1105] Compiling armv4-mont.ios.arm.S
[579/1105] Compiling aesv8-armx64.ios.aarch64.S
[580/1105] Compiling aesv8-armx64.linux.aarch64.S
[581/1105] Compiling aesv8-armx32.linux.arm.S
[582/1105] Compiling aesv8-armx32.ios.arm.S
[583/1105] Compiling aesni-x86_64.linux.x86_64.S
[584/1105] Compiling aesni-x86.linux.x86.S
[585/1105] Compiling aesni-gcm-x86_64.linux.x86_64.S
[586/1105] Compiling aesni-x86_64.mac.x86_64.S
[587/1105] Compiling aesni-gcm-x86_64.mac.x86_64.S
[588/1105] Compiling p256-x86_64.c
[589/1105] Compiling mode_wrappers.c
[590/1105] Compiling key_wrap.c
[591/1105] Compiling aes.c
[592/1105] Compiling ex_data.c
[593/1105] Compiling sign.c
[594/1105] Compiling x86_64-gcc.c
[595/1105] Compiling scrypt.c
[596/1105] Compiling pbkdf.c
[597/1105] Compiling p_x25519.c
[598/1105] Compiling print.c
[599/1105] Compiling p_x25519_asn1.c
[600/1105] Compiling p_rsa_asn1.c
[601/1105] Compiling p_ed25519.c
[602/1105] Compiling p_ed25519_asn1.c
[603/1105] Compiling aes_nohw.c
[604/1105] Compiling p_rsa.c
[605/1105] Compiling p_ec_asn1.c
[606/1105] Compiling p_dsa_asn1.c
[607/1105] Compiling err_data.c
[608/1105] Compiling p_ec.c
[609/1105] Compiling evp_ctx.c
[610/1105] Compiling digestsign.c
[611/1105] Compiling evp_asn1.c
[612/1105] Compiling engine.c
[613/1105] Compiling evp.c
[614/1105] Compiling ecdsa_asn1.c
[615/1105] Compiling err.c
[616/1105] Compiling ecdh_extra.c
[617/1105] Compiling ec_derive.c
[618/1105] Compiling dsa_asn1.c
[619/1105] Compiling x25519-asm-arm.S
[620/1105] Compiling params.c
[621/1105] Compiling ec_asn1.c
[622/1105] Compiling dh_asn1.c
[623/1105] Compiling check.c
[624/1105] Compiling cpu-ppc64le.c
[625/1105] Compiling digest_extra.c
[626/1105] Compiling dsa.c
[627/1105] Compiling dh.c
[628/1105] Compiling crypto.c
[629/1105] Compiling cpu-arm-linux.c
[630/1105] Compiling cpu-arm.c
[631/1105] Compiling spake25519.c
[632/1105] Compiling cpu-aarch64-linux.c
[633/1105] Compiling cpu-aarch64-fuchsia.c
[634/1105] Compiling cpu-intel.c
[635/1105] Compiling e_rc4.c
[636/1105] Compiling cmac.c
[637/1105] Compiling e_null.c
[638/1105] Compiling tls_cbc.c
[639/1105] Compiling e_rc2.c
[640/1105] Compiling derive_key.c
[641/1105] Compiling e_tls.c
[642/1105] Compiling conf.c
[643/1105] Compiling e_chacha20poly1305.c
[644/1105] Compiling e_aesctrhmac.c
[645/1105] Compiling chacha20_poly1305_x86_64.linux.x86_64.S
[646/1105] Compiling e_aesccm.c
[647/1105] Compiling aes128gcmsiv-x86_64.linux.x86_64.S
[648/1105] Compiling e_aesgcmsiv.c
[649/1105] Compiling chacha-x86_64.linux.x86_64.S
[650/1105] Compiling chacha-x86.linux.x86.S
[651/1105] Compiling chacha-armv8.linux.aarch64.S
[652/1105] Compiling chacha-armv8.ios.aarch64.S
[653/1105] Compiling chacha-armv4.linux.arm.S
[654/1105] Compiling chacha-x86_64.mac.x86_64.S
[655/1105] Compiling aes128gcmsiv-x86_64.mac.x86_64.S
[656/1105] Compiling cipher_extra.c
[657/1105] Compiling chacha-armv4.ios.arm.S
[658/1105] Compiling chacha.c
[659/1105] Compiling unicode.c
[660/1105] Compiling chacha20_poly1305_x86_64.mac.x86_64.S
[661/1105] Compiling ber.c
[662/1105] Compiling asn1_compat.c
[663/1105] Compiling bn_asn1.c
[664/1105] Compiling buf.c
[665/1105] Compiling cbs.c
[666/1105] Compiling socket.c
[667/1105] Compiling socket_helper.c
[668/1105] Compiling cbb.c
[669/1105] Compiling printf.c
[670/1105] Compiling convert.c
[671/1105] Compiling hexdump.c
[672/1105] Compiling file.c
[673/1105] Compiling fd.c
[674/1105] Compiling pair.c
[675/1105] Compiling bio_mem.c
[676/1105] Compiling connect.c
[677/1105] Compiling base64.c
[678/1105] Compiling time_support.c
[679/1105] Compiling tasn_utl.c
[680/1105] Compiling tasn_typ.c
[681/1105] Compiling tasn_new.c
[682/1105] Compiling bio.c
[683/1105] Compiling tasn_fre.c
[684/1105] Compiling f_string.c
[685/1105] Compiling f_int.c
[686/1105] Compiling f_enum.c
[687/1105] Compiling asn_pack.c
[688/1105] Compiling asn1_par.c
[689/1105] Compiling tasn_enc.c
[690/1105] Compiling tasn_dec.c
[691/1105] Compiling a_utf8.c
[692/1105] Compiling asn1_lib.c
[693/1105] Compiling a_utctm.c
[694/1105] Compiling a_type.c
[695/1105] Compiling a_print.c
[696/1105] Compiling a_time.c
[697/1105] Compiling a_octet.c
[698/1105] Compiling a_strnid.c
[699/1105] Compiling a_mbstr.c
[700/1105] Compiling a_object.c
[701/1105] Compiling a_int.c
[702/1105] Compiling a_i2d_fp.c
[703/1105] Compiling a_gentm.c
[704/1105] Compiling a_dup.c
[705/1105] Compiling a_enum.c
[706/1105] Compiling a_bool.c
[707/1105] Compiling a_d2i_fp.c
[708/1105] Compiling CMultipartParser multipartparser.c
[709/1105] Compiling a_bitstr.c
[710/1105] Compiling v3_pcia.c
[711/1105] Compiling v3_pcons.c
[712/1105] Compiling v3_ocsp.c
[713/1105] Compiling v3_pci.c
[714/1105] Compiling v3_int.c
[715/1105] Compiling v3_lib.c
[716/1105] Compiling v3_ia5.c
[717/1105] Compiling v3_info.c
[718/1105] Compiling v3_ncons.c
[719/1105] Compiling v3_genn.c
[720/1105] Compiling v3_enum.c
[721/1105] Compiling v3_extku.c
[722/1105] Compiling v3_akeya.c
[723/1105] Compiling v3_bitst.c
[724/1105] Compiling v3_crld.c
[725/1105] Compiling v3_bcons.c
[726/1105] Compiling v3_conf.c
[727/1105] Compiling v3_akey.c
[728/1105] Compiling v3_cpols.c
[729/1105] Compiling v3_alt.c
[730/1105] Compiling pcy_node.c
[731/1105] Compiling pcy_tree.c
[732/1105] Compiling x_val.c
[733/1105] Compiling x_spki.c
[734/1105] Compiling x_x509a.c
[735/1105] Compiling pcy_map.c
[736/1105] Compiling pcy_data.c
[737/1105] Compiling pcy_lib.c
[738/1105] Compiling pcy_cache.c
[739/1105] Compiling x_x509.c
[740/1105] Compiling x_sig.c
[741/1105] Compiling x_req.c
[742/1105] Compiling x_pkey.c
[743/1105] Compiling x_pubkey.c
[744/1105] Compiling x_info.c
[745/1105] Compiling x_exten.c
[746/1105] Compiling x_attrib.c
[747/1105] Compiling x_name.c
[748/1105] Compiling x_all.c
[749/1105] Compiling x_crl.c
[750/1105] Compiling x_algor.c
[751/1105] Compiling x509spki.c
[752/1105] Compiling x509rset.c
[753/1105] Compiling x509name.c
[754/1105] Compiling x509cset.c
[755/1105] Compiling x509_v3.c
[756/1105] Compiling x509_txt.c
[757/1105] Compiling x509_vpm.c
[758/1105] Compiling x509_set.c
[759/1105] Compiling x509_req.c
[760/1105] Compiling x509_r2x.c
[761/1105] Compiling x509_trs.c
[762/1105] Compiling x509_vfy.c
[763/1105] Compiling x509_obj.c
[764/1105] Compiling x509_def.c
[765/1105] Compiling x509_d2.c
[766/1105] Compiling x509_lu.c
[767/1105] Compiling x509_ext.c
[768/1105] Compiling x509.c
[769/1105] Compiling t_x509a.c
[770/1105] Compiling x509_att.c
[771/1105] Compiling x509_cmp.c
[772/1105] Compiling i2d_pr.c
[773/1105] Compiling t_req.c
[774/1105] Compiling t_x509.c
[775/1105] Compiling rsa_pss.c
[776/1105] Compiling t_crl.c
[777/1105] Compiling by_file.c
[778/1105] Compiling thread_win.c
[779/1105] Compiling algorithm.c
[780/1105] Compiling privacy_pass.c
[781/1105] Compiling by_dir.c
[782/1105] Compiling a_verify.c
[783/1105] Compiling thread_pthread.c
[784/1105] Compiling asn1_gen.c
[785/1105] Compiling thread_none.c
[786/1105] Compiling thread.c
[787/1105] Compiling a_digest.c
[788/1105] Compiling a_sign.c
[789/1105] Compiling a_strex.c
[790/1105] Compiling siphash.c
[791/1105] Compiling stack.c
[792/1105] Compiling rsa_print.c
[793/1105] Compiling rc4.c
[794/1105] Compiling windows.c
[795/1105] Compiling refcount_lock.c
[796/1105] Compiling refcount_c11.c
[797/1105] Compiling fuchsia.c
[798/1105] Compiling rand_extra.c
[799/1105] Compiling rsa_asn1.c
[800/1105] Compiling poly1305_arm_asm.S
[801/1105] Compiling deterministic.c
[802/1105] Compiling forkunsafe.c
[803/1105] Compiling poly1305_arm.c
[804/1105] Compiling poly1305.c
[805/1105] Compiling pool.c
[806/1105] Compiling pkcs7.c
[807/1105] Compiling pkcs8.c
[808/1105] Compiling p5_pbev2.c
[809/1105] Compiling pem_xaux.c
[810/1105] Compiling pem_x509.c
[811/1105] Compiling pkcs8_x509.c
[812/1105] Compiling pkcs7_x509.c
[813/1105] Compiling pem_pkey.c
[814/1105] Compiling pem_pk8.c
[815/1105] Compiling pem_oth.c
[816/1105] Compiling obj_xref.c
[817/1105] Compiling poly_rq_mul.S
[818/1105] Compiling mem.c
[819/1105] Compiling lhash.c
[820/1105] Compiling pem_info.c
[821/1105] Compiling x86_64-mont5.linux.x86_64.S
[822/1105] Compiling x86_64-mont5.mac.x86_64.S
[823/1105] Compiling hkdf.c
[824/1105] Compiling x86_64-mont.mac.x86_64.S
[825/1105] Compiling pem_all.c
[826/1105] Compiling obj.c
[827/1105] Compiling pem_lib.c
[828/1105] Compiling x86_64-mont.linux.x86_64.S
[829/1105] Compiling x86-mont.linux.x86.S
[830/1105] Compiling vpaes-x86_64.linux.x86_64.S
[831/1105] Compiling vpaes-x86.linux.x86.S
[832/1105] Compiling vpaes-armv8.linux.aarch64.S
[833/1105] Compiling vpaes-armv8.ios.aarch64.S
[834/1105] Compiling vpaes-armv7.linux.arm.S
[835/1105] Compiling vpaes-armv7.ios.arm.S
[836/1105] Compiling vpaes-x86_64.mac.x86_64.S
[837/1105] Compiling sha512-x86_64.linux.x86_64.S
[838/1105] Compiling sha512-armv8.linux.aarch64.S
[839/1105] Compiling sha512-armv8.ios.aarch64.S
[840/1105] Compiling sha512-armv4.ios.arm.S
[841/1105] Compiling sha512-armv4.linux.arm.S
[842/1105] Compiling sha512-586.linux.x86.S
[843/1105] Compiling kdf.c
[844/1105] Compiling sha512-x86_64.mac.x86_64.S
[845/1105] Compiling sha256-armv4.linux.arm.S
[846/1105] Compiling sha256-armv8.ios.aarch64.S
[847/1105] Compiling sha256-armv8.linux.aarch64.S
[848/1105] Compiling sha256-x86_64.linux.x86_64.S
[849/1105] Compiling sha256-armv4.ios.arm.S
[850/1105] Compiling sha256-586.linux.x86.S
[851/1105] Compiling sha1-armv8.ios.aarch64.S
[852/1105] Compiling sha1-armv4-large.linux.arm.S
[853/1105] Compiling sha1-armv8.linux.aarch64.S
[854/1105] Compiling sha1-x86_64.linux.x86_64.S
[855/1105] Compiling sha1-armv4-large.ios.arm.S
[856/1105] Compiling sha256-x86_64.mac.x86_64.S
[857/1105] Compiling sha1-586.linux.x86.S
[858/1105] Compiling sha1-x86_64.mac.x86_64.S
[859/1105] Compiling sha1-altivec.c
[860/1105] Compiling rsaz-avx2.linux.x86_64.S
[861/1105] Compiling rsaz-avx2.mac.x86_64.S
[862/1105] Compiling sha1.c
[863/1105] Compiling sha512.c
[864/1105] Compiling sha256.c
[865/1105] Compiling rdrand-x86_64.linux.x86_64.S
[866/1105] Compiling poly1305_vec.c
[867/1105] Compiling self_check.c
[868/1105] Compiling rdrand-x86_64.mac.x86_64.S
[869/1105] Compiling blinding.c
[870/1105] Compiling p256_beeu-x86_64-asm.linux.x86_64.S
[871/1105] Compiling padding.c
[872/1105] Compiling urandom.c
[873/1105] Compiling p256_beeu-x86_64-asm.mac.x86_64.S
[874/1105] Compiling rsa_impl.c
[875/1105] Compiling rsa.c
[876/1105] Compiling p256-x86_64-asm.linux.x86_64.S
[877/1105] Compiling rand.c
[878/1105] Compiling ctrdrbg.c
[879/1105] Compiling p256-x86_64-asm.mac.x86_64.S
[880/1105] Compiling ofb.c
[881/1105] Compiling polyval.c
[882/1105] Compiling gcm_nohw.c
[883/1105] Compiling ctr.c
[884/1105] Compiling md5-x86_64.linux.x86_64.S
[885/1105] Compiling cfb.c
[886/1105] Compiling gcm.c
[887/1105] Compiling md5-586.linux.x86.S
[888/1105] Compiling cbc.c
[889/1105] Compiling md5.c
[890/1105] Compiling md5-x86_64.mac.x86_64.S
[891/1105] Compiling hrss.c
[892/1105] Compiling ghashv8-armx32.linux.arm.S
[893/1105] Compiling ghashv8-armx64.ios.aarch64.S
[894/1105] Compiling ghashv8-armx64.linux.aarch64.S
[895/1105] Compiling ghashv8-armx32.ios.arm.S
[896/1105] Compiling ghash-x86_64.linux.x86_64.S
[897/1105] Compiling ghash-x86.linux.x86.S
[898/1105] Compiling is_fips.c
[899/1105] Compiling ghash-x86_64.mac.x86_64.S
[900/1105] Compiling ghash-ssse3-x86_64.linux.x86_64.S
[901/1105] Compiling ghash-ssse3-x86.linux.x86.S
[902/1105] Compiling ghash-neon-armv8.linux.aarch64.S
[903/1105] Compiling ghash-neon-armv8.ios.aarch64.S
[904/1105] Compiling ghash-ssse3-x86_64.mac.x86_64.S
[905/1105] Compiling md4.c
[906/1105] Compiling ghash-armv4.ios.arm.S
[907/1105] Compiling ghash-armv4.linux.arm.S
[908/1105] Compiling hmac.c
[909/1105] Compiling fips_shared_support.c
[910/1105] Compiling ecdh.c
[911/1105] Compiling util.c
[912/1105] Compiling wnaf.c
[913/1105] Compiling ecdsa.c
[914/1105] Compiling simple_mul.c
[915/1105] Compiling scalar.c
[916/1105] Compiling simple.c
[917/1105] Compiling oct.c
[918/1105] Compiling p224-64.c
[919/1105] Compiling co-586.linux.x86.S
[920/1105] Compiling felem.c
[921/1105] Compiling ec_montgomery.c
[922/1105] Compiling digest.c
[923/1105] Compiling ec_key.c
[924/1105] Compiling digests.c
[925/1105] Compiling bsaes-armv7.linux.arm.S
[926/1105] Compiling bsaes-armv7.ios.arm.S
[927/1105] Compiling ec.c
[928/1105] Compiling des.c
[929/1105] Compiling e_des.c
[930/1105] Compiling aead.c
[931/1105] Compiling cipher.c
[932/1105] Compiling sqrt.c
[933/1105] Compiling shift.c
[934/1105] Compiling rsaz_exp.c
[935/1105] Compiling random.c
[936/1105] Compiling e_aes.c
[937/1105] Compiling prime.c
[938/1105] Compiling montgomery_inv.c
[939/1105] Compiling mul.c
[940/1105] Compiling jacobi.c
[941/1105] Compiling montgomery.c
[942/1105] Compiling generic.c
[943/1105] Compiling gcd_extra.c
[944/1105] Compiling gcd.c
[945/1105] Compiling div_extra.c
[946/1105] Compiling p256-x86_64.c
[947/1105] Compiling ctx.c
[948/1105] Compiling cmp.c
[949/1105] Compiling bn-586.linux.x86.S
[950/1105] Compiling bytes.c
[951/1105] Compiling exponentiation.c
[952/1105] Compiling armv8-mont.linux.aarch64.S
[953/1105] Compiling div.c
[954/1105] Compiling armv8-mont.ios.aarch64.S
[955/1105] Compiling armv4-mont.linux.arm.S
[956/1105] Compiling bn.c
[957/1105] Compiling armv4-mont.ios.arm.S
[958/1105] Compiling aesv8-armx64.linux.aarch64.S
[959/1105] Compiling aesv8-armx64.ios.aarch64.S
[960/1105] Compiling aesv8-armx32.linux.arm.S
[961/1105] Compiling aesv8-armx32.ios.arm.S
[962/1105] Compiling add.c
[963/1105] Compiling aesni-x86_64.linux.x86_64.S
[964/1105] Compiling aesni-x86.linux.x86.S
[965/1105] Compiling aesni-gcm-x86_64.linux.x86_64.S
[966/1105] Compiling aesni-gcm-x86_64.mac.x86_64.S
[967/1105] Compiling aesni-x86_64.mac.x86_64.S
[968/1105] Compiling mode_wrappers.c
[969/1105] Compiling aes.c
[970/1105] Compiling key_wrap.c
[971/1105] Compiling ex_data.c
[972/1105] Compiling sign.c
[973/1105] Compiling x86_64-gcc.c
[974/1105] Compiling scrypt.c
[975/1105] Compiling pbkdf.c
[976/1105] Compiling aes_nohw.c
[977/1105] Compiling print.c
[978/1105] Compiling p_x25519.c
[979/1105] Compiling p_x25519_asn1.c
[980/1105] Compiling p_rsa_asn1.c
[981/1105] Compiling p_ed25519.c
[982/1105] Compiling p_ed25519_asn1.c
[983/1105] Compiling p_ec_asn1.c
[984/1105] Compiling p_rsa.c
[985/1105] Compiling p_ec.c
[986/1105] Compiling p_dsa_asn1.c
[987/1105] Compiling err_data.c
[988/1105] Compiling evp_ctx.c
[989/1105] Compiling digestsign.c
[990/1105] Compiling evp_asn1.c
[991/1105] Compiling evp.c
[992/1105] Compiling engine.c
[993/1105] Compiling ecdh_extra.c
[994/1105] Compiling err.c
[995/1105] Compiling ecdsa_asn1.c
[996/1105] Compiling ec_derive.c
[997/1105] Compiling dsa_asn1.c
[998/1105] Compiling x25519-asm-arm.S
[999/1105] Compiling params.c
[1000/1105] Compiling dh_asn1.c
[1001/1105] Compiling ec_asn1.c
[1002/1105] Compiling digest_extra.c
[1003/1105] Compiling check.c
[1004/1105] Compiling dsa.c
[1005/1105] Compiling spake25519.c
[1006/1105] Compiling dh.c
[1007/1105] Compiling cpu-ppc64le.c
[1008/1105] Compiling crypto.c
[1009/1105] Compiling cpu-arm.c
[1010/1105] Compiling cpu-intel.c
[1011/1105] Compiling cpu-arm-linux.c
[1012/1105] Compiling cpu-aarch64-linux.c
[1013/1105] Compiling cpu-aarch64-fuchsia.c
[1014/1105] Compiling e_rc4.c
[1015/1105] Compiling cmac.c
[1016/1105] Compiling e_null.c
[1017/1105] Compiling conf.c
[1018/1105] Compiling tls_cbc.c
[1019/1105] Compiling e_rc2.c
[1020/1105] Compiling e_tls.c
[1021/1105] Compiling e_chacha20poly1305.c
[1022/1105] Compiling e_aesctrhmac.c
[1023/1105] Compiling e_aesgcmsiv.c
[1024/1105] Compiling chacha20_poly1305_x86_64.linux.x86_64.S
[1025/1105] Compiling aes128gcmsiv-x86_64.linux.x86_64.S
[1026/1105] Compiling derive_key.c
[1027/1105] Compiling chacha-x86_64.linux.x86_64.S
[1028/1105] Compiling chacha-x86.linux.x86.S
[1029/1105] Compiling e_aesccm.c
[1030/1105] Compiling aes128gcmsiv-x86_64.mac.x86_64.S
[1031/1105] Compiling chacha-armv8.linux.aarch64.S
[1032/1105] Compiling cipher_extra.c
[1033/1105] Compiling chacha-x86_64.mac.x86_64.S
[1034/1105] Compiling chacha-armv8.ios.aarch64.S
[1035/1105] Compiling chacha-armv4.linux.arm.S
[1036/1105] Compiling chacha.c
[1037/1105] Compiling chacha-armv4.ios.arm.S
[1038/1105] Compiling unicode.c
[1039/1105] Compiling asn1_compat.c
[1040/1105] Compiling chacha20_poly1305_x86_64.mac.x86_64.S
[1041/1105] Compiling buf.c
[1042/1105] Compiling ber.c
[1043/1105] Compiling bn_asn1.c
[1044/1105] Compiling socket_helper.c
[1045/1105] Compiling cbb.c
[1046/1105] Compiling cbs.c
[1047/1105] Compiling convert.c
[1048/1105] Compiling socket.c
[1049/1105] Compiling printf.c
[1050/1105] Compiling hexdump.c
[1051/1105] Compiling fd.c
[1052/1105] Compiling file.c
[1053/1105] Compiling pair.c
[1054/1105] Compiling bio_mem.c
[1055/1105] Compiling connect.c
[1056/1105] Compiling base64.c
[1057/1105] Compiling time_support.c
[1058/1105] Compiling bio.c
[1059/1105] Compiling tasn_utl.c
[1060/1105] Compiling tasn_fre.c
[1061/1105] Compiling tasn_new.c
[1062/1105] Compiling tasn_typ.c
[1063/1105] Compiling f_string.c
[1064/1105] Compiling f_int.c
[1065/1105] Compiling tasn_enc.c
[1066/1105] Compiling f_enum.c
[1067/1105] Compiling asn_pack.c
[1068/1105] Compiling tasn_dec.c
[1069/1105] Compiling asn1_par.c
[1070/1105] Compiling a_utf8.c
[1071/1105] Compiling a_utctm.c
[1072/1105] Compiling asn1_lib.c
[1073/1105] Compiling a_type.c
[1074/1105] Compiling a_time.c
[1075/1105] Compiling a_strnid.c
[1076/1105] Compiling a_print.c
[1077/1105] Compiling a_octet.c
[1078/1105] Compiling a_object.c
[1079/1105] Compiling a_mbstr.c
[1080/1105] Compiling a_i2d_fp.c
[1081/1105] Compiling a_gentm.c
[1082/1105] Compiling a_int.c
[1083/1105] Compiling a_dup.c
[1084/1105] Compiling a_enum.c
[1085/1105] Compiling a_d2i_fp.c
[1086/1105] Compiling a_bool.c
[1087/1105] Compiling CBacktrace sort.c
[1088/1105] Compiling CBacktrace state.c
[1089/1105] Compiling CBcrypt bcrypt.c
[1090/1105] Compiling CBacktrace simple.c
[1091/1105] Compiling CBacktrace print.c
[1092/1105] Compiling CBcrypt blf.c
[1093/1105] Compiling CBacktrace posix.c
[1094/1105] Compiling CBase32 cbase32.c
[1095/1105] Compiling CBacktrace mmapio.c
[1096/1105] Compiling a_bitstr.c
[1097/1105] Compiling CBacktrace fileline.c
[1098/1105] Compiling CBacktrace mmap.c
[1099/1105] Compiling CBacktrace elf.c
[1100/1105] Compiling CBacktrace dwarf.c
[1101/1105] Compiling CBacktrace backtrace.c
[1102/1106] Compiling CBacktrace atomic.c
[1103/1152] Compiling Backtrace Demangle.swift
[1104/1155] Compiling Backtrace Backtrace.swift
[1105/1156] Merging module Backtrace
[1106/1156] Compiling Crypto Cipher.swift
[1107/1156] Compiling Crypto Nonces.swift
[1108/1156] Compiling Crypto CryptoKitErrors.swift
[1109/1156] Compiling Crypto Digest_boring.swift
[1110/1156] Compiling Crypto Digest.swift
[1111/1156] Compiling Crypto Digests.swift
[1112/1156] Compiling Crypto HashFunctions.swift
[1113/1156] Compiling Crypto HashFunctions_SHA2.swift
[1114/1156] Compiling Crypto Insecure.swift
[1115/1156] Compiling Crypto Insecure_HashFunctions.swift
[1116/1156] Compiling Crypto ECDH_boring.swift
[1117/1156] Compiling Crypto DH.swift
[1118/1156] Compiling Crypto Ed25519.swift
[1119/1156] Compiling Crypto NISTCurvesKeys.swift
[1120/1156] Compiling Crypto X25519Keys.swift
[1121/1156] Compiling Crypto SymmetricKeys.swift
[1122/1156] Compiling Crypto HMAC.swift
[1123/1156] Compiling Crypto MACFunctions.swift
[1124/1156] Compiling Crypto MessageAuthenticationCode.swift
[1125/1156] Compiling Crypto AES.swift
[1128/1156] Compiling Crypto ChaChaPoly_boring.swift
[1129/1156] Compiling Crypto ChaChaPoly.swift
[1130/1156] Compiling Crypto FiniteFieldArithmeticContext_boring.swift
[1131/1156] Compiling Crypto RNG_boring.swift
[1132/1156] Compiling Crypto SafeCompare_boring.swift
[1133/1156] Compiling Crypto Zeroization_boring.swift
[1134/1156] Compiling Crypto EllipticCurve_boring.swift
[1135/1156] Compiling Crypto NISTCurvesKeys_boring.swift
[1136/1156] Compiling Crypto X25519Keys_boring.swift
[1137/1156] Compiling Crypto Curve25519.swift
[1138/1156] Compiling Crypto ECDH.swift
[1139/1156] Compiling Crypto HKDF.swift
[1140/1156] Compiling Crypto Ed25519_boring.swift
[1141/1156] Compiling Crypto EllipticCurvePoint_boring.swift
[1142/1156] Compiling Crypto ECDSASignature_boring.swift
[1143/1156] Compiling Crypto ECDSA_boring.swift
[1144/1156] Compiling Crypto EdDSA_boring.swift
[1145/1156] Compiling Crypto ECDSA.swift
[1146/1156] Compiling Crypto EdDSA.swift
[1147/1156] Compiling Crypto Signature.swift
[1148/1156] Compiling Crypto ArbitraryPrecisionInteger_boring.swift
[1149/1156] Compiling Crypto CryptoKitErrors_boring.swift
[1150/1156] Compiling Crypto PrettyBytes.swift
[1151/1156] Compiling Crypto SafeCompare.swift
[1152/1156] Compiling Crypto SecureBytes.swift
[1153/1156] Compiling Crypto Zeroization.swift
[1154/1157] Merging module Crypto
[1155/1157] Compiling c-nioatomics.c
[1156/1157] Compiling c-atomics.c
[1157/1160] Compiling NIOConcurrencyHelpers NIOAtomic.swift
[1158/1160] Compiling NIOConcurrencyHelpers lock.swift
[1159/1160] Compiling NIOConcurrencyHelpers atomics.swift
[1160/1161] Merging module NIOConcurrencyHelpers
[1161/1226] Compiling NIO ThreadPosix.swift
[1162/1226] Compiling NIO ThreadWindows.swift
[1163/1226] Compiling NIO TypeAssistedChannelHandler.swift
[1164/1226] Compiling NIO UniversalBootstrapSupport.swift
[1165/1226] Compiling NIO Utilities.swift
[1166/1226] Compiling NIO IOData.swift
[1167/1226] Compiling NIO IntegerTypes.swift
[1168/1226] Compiling NIO Interfaces.swift
[1169/1226] Compiling NIO Linux.swift
[1170/1226] Compiling NIO LinuxCPUSet.swift
[1171/1226] Compiling NIO MarkedCircularBuffer.swift
[1172/1226] Compiling NIO MulticastChannel.swift
[1173/1226] Compiling NIO NIOAny.swift
[1174/1226] Compiling NIO NIOCloseOnErrorHandler.swift
[1175/1226] Compiling NIO NIOThreadPool.swift
[1176/1226] Compiling NIO PriorityQueue.swift
[1177/1226] Compiling NIO RecvByteBufferAllocator.swift
[1178/1226] Compiling NIO Resolver.swift
[1179/1226] Compiling NIO Selectable.swift
[1180/1226] Compiling NIO SelectableEventLoop.swift
[1181/1226] Compiling NIO FileHandle.swift
[1182/1226] Compiling NIO FileRegion.swift
[1183/1226] Compiling NIO GetaddrinfoResolver.swift
[1184/1226] Compiling NIO HappyEyeballs.swift
[1185/1226] Compiling NIO Heap.swift
[1186/1226] Compiling NIO IO.swift
[1187/1226] Compiling NIO SocketChannel.swift
[1188/1226] Compiling NIO SocketOptionProvider.swift
[1189/1226] Compiling NIO SocketProtocols.swift
[1190/1226] Compiling NIO System.swift
[1191/1226] Compiling NIO Thread.swift
[1192/1226] Compiling NIO ByteBuffer-conversions.swift
[1193/1226] Compiling NIO ByteBuffer-core.swift
[1194/1226] Compiling NIO ByteBuffer-int.swift
[1195/1226] Compiling NIO ByteBuffer-views.swift
[1196/1226] Compiling NIO Channel.swift
[1197/1226] Compiling NIO ChannelHandler.swift
[1198/1226] Compiling NIO NonBlockingFileIO.swift
[1199/1226] Compiling NIO PendingDatagramWritesManager.swift
[1200/1226] Compiling NIO PendingWritesManager.swift
[1201/1226] Compiling NIO PipeChannel.swift
[1202/1226] Compiling NIO PipePair.swift
[1203/1226] Compiling NIO Selector.swift
[1204/1226] Compiling NIO ServerSocket.swift
[1205/1226] Compiling NIO SingleStepByteToMessageDecoder.swift
[1206/1226] Compiling NIO Socket.swift
[1207/1226] Compiling NIO SocketAddresses.swift
[1208/1226] Compiling NIO DatagramVectorReadManager.swift
[1209/1226] Compiling NIO DeadChannel.swift
[1210/1226] Compiling NIO Embedded.swift
[1211/1226] Compiling NIO EventLoop.swift
[1212/1226] Compiling NIO EventLoopFuture.swift
[1213/1226] Compiling NIO FileDescriptor.swift
[1214/1226] Compiling NIO AddressedEnvelope.swift
[1215/1226] Compiling NIO BaseSocket.swift
[1216/1226] Compiling NIO BaseSocketChannel.swift
[1217/1226] Compiling NIO BaseStreamSocketChannel.swift
[1218/1226] Compiling NIO Bootstrap.swift
[1219/1226] Compiling NIO ByteBuffer-aux.swift
[1220/1226] Compiling NIO ChannelHandlers.swift
[1221/1226] Compiling NIO ChannelInvoker.swift
[1222/1226] Compiling NIO ChannelOption.swift
[1223/1226] Compiling NIO ChannelPipeline.swift
[1224/1226] Compiling NIO CircularBuffer.swift
[1225/1226] Compiling NIO Codec.swift
[1226/1227] Merging module NIO
[1227/1270] Compiling NIOExtras JSONRPCFraming.swift
[1228/1270] Compiling AsyncKit Exports.swift
[1229/1270] Compiling AsyncKit Future+Throwing.swift
[1230/1270] Compiling AsyncKit Future+Transform.swift
[1231/1270] Compiling NIOExtras LengthFieldPrepender.swift
[1232/1270] Compiling NIOExtras LineBasedFrameDecoder.swift
[1233/1270] Compiling AsyncKit FutureExtensions.swift
[1234/1270] Compiling NIOExtras WritePCAPHandler.swift
[1235/1270] Compiling NIOExtras LengthFieldBasedFrameDecoder.swift
[1236/1270] Compiling AsyncKit ConnectionPoolSource.swift
[1237/1270] Compiling NIOExtras RequestResponseHandler.swift
[1241/1270] Compiling AsyncKit ConnectionPoolError.swift
[1242/1270] Compiling AsyncKit ConnectionPoolItem.swift
[1243/1270] Compiling NIOExtras NIOExtrasError.swift
[1244/1270] Compiling NIOExtras JSONRPCFraming+ContentLengthHeader.swift
[1250/1270] Compiling NIOExtras QuiescingHelper.swift
[1265/1271] Compiling AsyncKit FutureOperators.swift
[1266/1272] Merging module NIOTLS
[1267/1291] Merging module AsyncKit
[1268/1291] Compiling NIOSSL ByteBufferBIO.swift
[1269/1292] Compiling NIOSSL SSLCallbacks.swift
[1270/1292] Compiling NIOSSL IdentityVerification.swift
[1271/1293] Compiling NIOSSL SSLErrors.swift
[1272/1294] Merging module NIOFoundationCompat
[1273/1294] Merging module NIOHTTP1
[1274/1294] Merging module NIOExtras
[1275/1319] Compiling NIOHPACK StaticHeaderTable.swift
[1276/1319] Compiling NIOWebSocket WebSocketProtocolErrorHandler.swift
[1277/1319] Compiling NIOWebSocket Base64.swift
[1278/1319] Compiling NIOWebSocket SHA1.swift
[1279/1319] Compiling NIOSSL UniversalBootstrapSupport.swift
[1280/1319] Compiling NIOWebSocket WebSocketErrorCodes.swift
[1282/1319] Compiling NIOWebSocket NIOWebSocketClientUpgrader.swift
[1284/1319] Compiling NIOWebSocket NIOWebSocketServerUpgrader.swift
[1285/1319] Compiling NIOWebSocket WebSocketOpcode.swift
[1290/1319] Compiling NIOSSL SSLPublicKey.swift
[1291/1319] Compiling NIOWebSocket WebSocketFrame.swift
[1295/1319] Compiling NIOSSL SecurityFrameworkCertificateVerification.swift
[1297/1319] Compiling NIOSSL SSLPrivateKey.swift
[1298/1319] Compiling NIOWebSocket WebSocketFrameDecoder.swift
[1299/1319] Compiling NIOWebSocket WebSocketFrameEncoder.swift
[1303/1319] Compiling NIOSSL SSLInit.swift
[1304/1319] Compiling NIOSSL SSLPKCS12Bundle.swift
[1308/1320] Compiling NIOSSL TLSConfiguration.swift
[1314/1321] Merging module NIOWebSocket
[1316/1322] Merging module NIOHPACK
[1319/1322] Merging module NIOHTTPCompression
[1320/1377] Compiling NIOHTTP2 ReceivingWindowUpdateState.swift
[1321/1377] Compiling NIOHTTP2 MaySendFrames.swift
[1322/1378] Compiling NIOHTTP2 LocallyQuiescingState.swift
[1323/1378] Compiling NIOHTTP2 Optional+HTTP2StreamStateMachine.swift
[1324/1378] Compiling NIOHTTP2 QuiescingState.swift
[1325/1378] Compiling NIOHTTP2 RemotelyQuiescingState.swift
[1326/1378] Compiling NIOHTTP2 SendAndReceiveGoawayState.swift
[1327/1378] Compiling NIOHTTP2 SendingDataState.swift
[1328/1378] Compiling NIOHTTP2 SendingGoawayState.swift
[1329/1378] Compiling NIOHTTP2 SendingHeadersState.swift
[1330/1378] Compiling NIOHTTP2 SendingPushPromiseState.swift
[1331/1378] Compiling NIOHTTP2 SendingRstStreamState.swift
[1332/1378] Compiling NIOHTTP2 ReceivingHeadersState.swift
[1333/1378] Compiling NIOHTTP2 ReceivingPushPromiseState.swift
[1334/1378] Compiling NIOHTTP2 ReceivingRstStreamState.swift
[1337/1378] Merging module NIOSSL
[1338/1390] Compiling AsyncHTTPClient HTTPClient+HTTPCookie.swift
[1339/1390] Compiling NIOHTTP2 SendingWindowUpdateState.swift
[1340/1390] Compiling NIOHTTP2 HTTP2SettingsState.swift
[1341/1390] Compiling NIOHTTP2 HasFlowControlWindows.swift
[1342/1390] Compiling NIOHTTP2 HasLocalSettings.swift
[1343/1390] Compiling NIOHTTP2 HasRemoteSettings.swift
[1344/1390] Compiling AsyncHTTPClient Utils.swift
[1345/1390] Compiling AsyncHTTPClient HTTPClientProxyHandler.swift
[1347/1390] Compiling AsyncHTTPClient HTTPClient.swift
[1348/1390] Compiling AsyncHTTPClient RequestValidation.swift
[1350/1390] Compiling NIOHTTP2 StreamChannelFlowController.swift
[1351/1390] Compiling NIOHTTP2 StreamChannelList.swift
[1352/1390] Compiling NIOHTTP2 StreamStateMachine.swift
[1353/1390] Compiling NIOHTTP2 WatermarkedFlowController.swift
[1354/1390] Compiling NIOHTTP2 StateMachineResult.swift
[1355/1390] Compiling NIOHTTP2 ContentLengthVerifier.swift
[1356/1390] Compiling NIOHTTP2 DOSHeuristics.swift
[1357/1390] Compiling NIOHTTP2 ConcurrentStreamBuffer.swift
[1358/1390] Compiling NIOHTTP2 ControlFrameBuffer.swift
[1359/1390] Compiling NIOHTTP2 HTTP2ToHTTP1Codec.swift
[1360/1390] Compiling NIOHTTP2 HTTP2UserEvents.swift
[1361/1390] Compiling NIOHTTP2 InboundEventBuffer.swift
[1362/1390] Compiling NIOHTTP2 InboundWindowManager.swift
[1363/1390] Compiling NIOHTTP2 HTTP2Stream.swift
[1364/1390] Compiling NIOHTTP2 HTTP2StreamChannel.swift
[1365/1390] Compiling NIOHTTP2 HTTP2StreamID.swift
[1366/1390] Compiling NIOHTTP2 HTTP2StreamMultiplexer.swift
[1368/1390] Compiling NIOHTTP2 HTTP2Error.swift
[1369/1390] Compiling NIOHTTP2 HTTP2ErrorCode.swift
[1370/1390] Compiling NIOHTTP2 HTTP2FlowControlWindow.swift
[1371/1390] Compiling NIOHTTP2 HTTP2Frame.swift
[1373/1390] Compiling AsyncHTTPClient HTTPHandler.swift
[1375/1391] Merging module WebSocketKit
[1377/1392] Compiling NIOHTTP2 OutboundFlowControlBuffer.swift
[1378/1392] Compiling NIOHTTP2 OutboundFrameBuffer.swift
[1379/1392] Compiling NIOHTTP2 HPACKHeaders+Validation.swift
[1380/1392] Compiling NIOHTTP2 HTTP2ChannelHandler.swift
[1381/1392] Compiling NIOHTTP2 HTTP2ConnectionStateChange.swift
[1382/1392] Merging module AsyncHTTPClient
[1388/1392] Compiling NIOHTTP2 HTTP2FrameParser.swift
[1389/1392] Compiling NIOHTTP2 HTTP2PingData.swift
[1390/1392] Compiling NIOHTTP2 HTTP2PipelineHelpers.swift
[1391/1392] Compiling NIOHTTP2 HTTP2Settings.swift
[1392/1393] Merging module NIOHTTP2
[1393/1575] Compiling Vapor Email.swift
[1394/1575] Compiling Vapor Empty.swift
[1395/1575] Compiling Vapor In.swift
[1396/1575] Compiling Vapor Nil.swift
[1397/1575] Compiling Vapor NilIgnoring.swift
[1398/1575] Compiling Vapor Not.swift
[1399/1575] Compiling Vapor Or.swift
[1400/1575] Compiling Vapor Range.swift
[1401/1575] Compiling Vapor URL.swift
[1402/1575] Compiling Vapor Valid.swift
[1403/1575] Compiling Vapor Application+Views.swift
[1404/1575] Compiling Vapor PlaintextRenderer.swift
[1405/1575] Compiling Vapor Request+View.swift
[1406/1575] Compiling Vapor View.swift
[1407/1575] Compiling Vapor ViewRenderer.swift
[1408/1575] Compiling Vapor RoutesBuilder+Group.swift
[1409/1575] Compiling Vapor RoutesBuilder+Method.swift
[1410/1575] Compiling Vapor RoutesBuilder+Middleware.swift
[1411/1575] Compiling Vapor RoutesBuilder+WebSocket.swift
[1412/1575] Compiling Vapor RoutesBuilder.swift
[1413/1575] Compiling Vapor Application+Servers.swift
[1414/1575] Compiling Vapor Server.swift
[1415/1575] Compiling Vapor Application+Sessions.swift
[1416/1575] Compiling Vapor MemorySessions.swift
[1417/1575] Compiling Vapor Request+Session.swift
[1418/1575] Compiling Vapor Session.swift
[1419/1575] Compiling Vapor SessionCache.swift
[1420/1575] Compiling Vapor SessionData.swift
[1421/1575] Compiling Vapor SessionDriver.swift
[1422/1575] Compiling Vapor SessionsConfiguration.swift
[1423/1575] Compiling Vapor String+IsIPAddress.swift
[1424/1575] Compiling Vapor Thread.swift
[1425/1575] Compiling Vapor URI.swift
[1426/1575] Compiling Vapor RangeResult.swift
[1427/1575] Compiling Vapor Validatable.swift
[1428/1575] Compiling Vapor Validation.swift
[1429/1575] Compiling Vapor ValidationKey.swift
[1430/1575] Compiling Vapor Validations.swift
[1431/1575] Compiling Vapor ValidationsError.swift
[1432/1575] Compiling Vapor Validator.swift
[1433/1575] Compiling Vapor ValidatorResult.swift
[1434/1575] Compiling Vapor And.swift
[1435/1575] Compiling Vapor Case.swift
[1436/1575] Compiling Vapor CharacterSet.swift
[1437/1575] Compiling Vapor Count.swift
[1438/1575] Compiling Vapor Environment+Secret.swift
[1439/1575] Compiling Vapor Environment.swift
[1440/1575] Compiling Vapor Abort.swift
[1441/1575] Compiling Vapor AbortError.swift
[1442/1575] Compiling Vapor DebuggableError.swift
[1443/1575] Compiling Vapor Demangler.swift
[1444/1575] Compiling Vapor ErrorSource.swift
[1445/1575] Compiling Vapor StackTrace.swift
[1446/1575] Compiling Vapor Exports.swift
[1447/1575] Compiling Vapor Application+HTTP.swift
[1448/1575] Compiling Vapor BasicResponder.swift
[1449/1575] Compiling Vapor BodyStream.swift
[1450/1575] Compiling Vapor Application+HTTP+Client.swift
[1451/1575] Compiling Vapor EventLoopHTTPClient.swift
[1452/1575] Compiling Vapor EndpointCache.swift
[1453/1575] Compiling Vapor Bytes+Hex.swift
[1454/1575] Compiling Vapor Bytes+SecureCompare.swift
[1455/1575] Compiling Vapor Collection+Safe.swift
[1456/1575] Compiling Vapor DataProtocol+Copy.swift
[1457/1575] Compiling Vapor DecoderUnwrapper.swift
[1458/1575] Compiling Vapor DirectoryConfiguration.swift
[1459/1575] Compiling Vapor DotEnv.swift
[1460/1575] Compiling Vapor Extendable.swift
[1461/1575] Compiling Vapor File.swift
[1462/1575] Compiling Vapor FileIO.swift
[1463/1575] Compiling Vapor LifecycleHandler.swift
[1464/1575] Compiling Vapor OptionalType.swift
[1465/1575] Compiling Vapor RFC1123.swift
[1466/1575] Compiling Vapor SocketAddress+Hostname.swift
[1467/1575] Compiling Vapor Storage.swift
[1468/1575] Compiling Vapor Application.swift
[1469/1575] Compiling Vapor AuthenticationCache.swift
[1470/1575] Compiling Vapor Authenticator.swift
[1471/1575] Compiling Vapor BasicAuthorization.swift
[1472/1575] Compiling Vapor BearerAuthorization.swift
[1473/1575] Compiling Vapor GuardMiddleware.swift
[1474/1575] Compiling Vapor RedirectMiddleware.swift
[1475/1575] Compiling Vapor SessionAuthenticatable.swift
[1476/1575] Compiling Vapor Bcrypt.swift
[1477/1575] Compiling Vapor Application+Clients.swift
[1478/1575] Compiling Vapor Client.swift
[1479/1575] Compiling Vapor ClientRequest.swift
[1480/1575] Compiling Vapor ClientResponse.swift
[1481/1575] Compiling Vapor Request+Client.swift
[1482/1575] Compiling Vapor BootCommand.swift
[1483/1575] Compiling Vapor CommandContext+Application.swift
[1484/1575] Compiling Vapor RoutesCommand.swift
[1485/1575] Compiling Vapor ServeCommand.swift
[1486/1575] Compiling Vapor Content.swift
[1487/1575] Compiling Vapor ContentCoders.swift
[1488/1575] Compiling Vapor ContentConfiguration.swift
[1489/1575] Compiling Vapor ContentContainer.swift
[1490/1575] Compiling Vapor JSONCoder+Custom.swift
[1491/1575] Compiling Vapor JSONCoders+Content.swift
[1492/1575] Compiling Vapor PlaintextEncoder.swift
[1493/1575] Compiling Vapor SingleValueDecoder.swift
[1494/1575] Compiling Vapor URLQueryCoders.swift
[1495/1575] Compiling Vapor URLQueryContainer.swift
[1496/1575] Compiling Vapor Core.swift
[1497/1575] Compiling Vapor Running.swift
[1498/1575] Compiling Vapor CORSMiddleware+Configuration+exposedHeaders.swift
[1499/1575] Compiling Vapor Environment+Process.swift
[1500/1575] Compiling Vapor Application+HTTP+Server.swift
[1501/1575] Compiling Vapor HTTPServer.swift
[1502/1575] Compiling Vapor HTTPServerHandler.swift
[1503/1575] Compiling Vapor HTTPServerRequestDecoder.swift
[1504/1575] Compiling Vapor HTTPServerResponseEncoder.swift
[1505/1575] Compiling Vapor HTTPServerUpgradeHandler.swift
[1506/1575] Compiling Vapor Logger+Report.swift
[1507/1575] Compiling Vapor LoggingSystem+Environment.swift
[1508/1575] Compiling Vapor Application+Middleware.swift
[1509/1575] Compiling Vapor CORSMiddleware.swift
[1510/1575] Compiling Vapor ErrorMiddleware.swift
[1511/1575] Compiling Vapor FileMiddleware.swift
[1512/1575] Compiling Vapor Middleware.swift
[1513/1575] Compiling Vapor MiddlewareConfiguration.swift
[1514/1575] Compiling Vapor File+Multipart.swift
[1515/1575] Compiling Vapor PlaintextHasher.swift
[1516/1575] Compiling Vapor Request+Password.swift
[1517/1575] Compiling Vapor Redirect.swift
[1518/1575] Compiling Vapor Request+Body.swift
[1519/1575] Compiling Vapor Request+BodyStream.swift
[1520/1575] Compiling Vapor Request.swift
[1521/1575] Compiling Vapor Application+Responder.swift
[1522/1575] Compiling Vapor DefaultResponder.swift
[1523/1575] Compiling Vapor Response+Body.swift
[1524/1575] Compiling Vapor Response.swift
[1525/1575] Compiling Vapor ResponseCodable.swift
[1526/1575] Compiling Vapor Application+Routes.swift
[1527/1575] Compiling Vapor Route.swift
[1528/1575] Compiling Vapor RouteCollection.swift
[1529/1575] Compiling Vapor Routes.swift
[1530/1575] Compiling Vapor FormDataDecoder+Content.swift
[1531/1575] Compiling Vapor FormDataDecoder.swift
[1532/1575] Compiling Vapor FormDataEncoder+Content.swift
[1533/1575] Compiling Vapor FormDataEncoder.swift
[1534/1575] Compiling Vapor MultipartError.swift
[1535/1575] Compiling Vapor MultipartParser.swift
[1536/1575] Compiling Vapor MultipartPart.swift
[1537/1575] Compiling Vapor MultipartPartConvertible.swift
[1538/1575] Compiling Vapor MultipartSerializer.swift
[1539/1575] Compiling Vapor Utilities.swift
[1540/1575] Compiling Vapor Application+Password.swift
[1541/1575] Compiling Vapor Application+Passwords.swift
[1542/1575] Compiling Vapor AsyncPasswordHasher.swift
[1543/1575] Compiling Vapor BcryptHasher.swift
[1544/1575] Compiling Vapor PasswordHasher.swift
[1545/1575] Compiling Vapor SessionsMiddleware.swift
[1546/1575] Compiling Vapor DateFormatter+threadSpecific.swift
[1547/1575] Compiling Vapor URLEncodedFormData.swift
[1548/1575] Compiling Vapor URLEncodedFormDecoder.swift
[1549/1575] Compiling Vapor URLEncodedFormEncoder.swift
[1550/1575] Compiling Vapor URLEncodedFormError.swift
[1551/1575] Compiling Vapor URLEncodedFormParser.swift
[1552/1575] Compiling Vapor URLEncodedFormSerializer.swift
[1553/1575] Compiling Vapor URLQueryFragmentConvertible.swift
[1554/1575] Compiling Vapor AnyResponse.swift
[1555/1575] Compiling Vapor Array+Random.swift
[1556/1575] Compiling Vapor Base32.swift
[1557/1575] Compiling Vapor Base64.swift
[1558/1575] Compiling Vapor BasicCodingKey.swift
[1559/1575] Compiling Vapor ByteCount.swift
[1560/1575] Compiling Vapor HTTPMethod+String.swift
[1561/1575] Compiling Vapor HTTPStatus.swift
[1562/1575] Compiling Vapor HTTPCookies.swift
[1563/1575] Compiling Vapor HTTPHeaderCacheControl.swift
[1564/1575] Compiling Vapor HTTPHeaderExpires.swift
[1565/1575] Compiling Vapor HTTPHeaderLastModified.swift
[1566/1575] Compiling Vapor HTTPHeaders+Cache.swift
[1567/1575] Compiling Vapor HTTPHeaders+ContentDisposition.swift
[1568/1575] Compiling Vapor HTTPHeaders+Directive.swift
[1569/1575] Compiling Vapor HTTPHeaders+Forwarded.swift
[1570/1575] Compiling Vapor HTTPHeaders+Name.swift
[1571/1575] Compiling Vapor HTTPHeaders.swift
[1572/1575] Compiling Vapor HTTPMediaType.swift
[1573/1575] Compiling Vapor HTTPMediaTypePreference.swift
[1574/1575] Compiling Vapor Responder.swift
[1575/1576] Merging module Vapor
[1576/1590] Compiling carton main.swift
[1577/1590] Compiling carton URL.swift
[1578/1590] Compiling carton Server.swift
[1579/1590] Compiling carton configure.swift
[1580/1590] Compiling carton Test.swift
[1581/1590] Compiling carton routes.swift
[1582/1590] Compiling carton HTML.swift
[1583/1590] Compiling carton Dist.swift
[1584/1590] Compiling carton Data.swift
[1585/1590] Compiling carton Expectation.swift
[1586/1590] Compiling carton checkDevDependencies.swift
[1587/1590] Compiling carton Package.swift
[1588/1590] Compiling carton Carton.swift
[1589/1590] Compiling carton Dev.swift
[1590/1591] Merging module carton
[1591/1591] Linking carton
